  make -r  -f "\EPOC32\BUILD\S60\NEWAPPINST\GROUP\EXPORT.make" EXPORT VERBOSE=-s
Nothing to do
  make -r  -f "\EPOC32\BUILD\S60\NEWAPPINST\GROUP\WINS.make" MAKEFILE VERBOSE=-s
perl -S makmake.pl  -D \S60\NEWAPPINST\GROUP\SWINST   WINS
perl -S makmake.pl  -D \S60\NEWAPPINST\GROUP\SWINSTSRV   WINS
  make -r  -f "\EPOC32\BUILD\S60\NEWAPPINST\GROUP\WINS.make" LIBRARY VERBOSE=-s
nmake -nologo -x - -s  -f "\EPOC32\BUILD\S60\NEWAPPINST\GROUP\SWINST\WINS\SWINST.WINS" LIBRARY
nmake -nologo -x - -s  -f "\EPOC32\BUILD\S60\NEWAPPINST\GROUP\SWINSTSRV\WINS\SWINSTSRV.WINS" LIBRARY
  make -r  -f "\EPOC32\BUILD\S60\NEWAPPINST\GROUP\WINS.make" RESOURCE CFG=UDEB VERBOSE=-s
nmake -nologo -x - -s  -f "\EPOC32\BUILD\S60\NEWAPPINST\GROUP\SWINST\WINS\SWINST.WINS" RESOURCEUDEB
nmake -nologo -x - -s  -f "\EPOC32\BUILD\S60\NEWAPPINST\GROUP\SWINSTSRV\WINS\SWINSTSRV.WINS" RESOURCEUDEB
  make -r  -f "\EPOC32\BUILD\S60\NEWAPPINST\GROUP\WINS.make" TARGET CFG=UDEB VERBOSE=-s
nmake -nologo -x - -s  -f "\EPOC32\BUILD\S60\NEWAPPINST\GROUP\SWINST\WINS\SWINST.WINS" UDEB
nmake -nologo -x - -s  -f "\EPOC32\BUILD\S60\NEWAPPINST\GROUP\SWINSTSRV\WINS\SWINSTSRV.WINS" UDEB
Swinstsrv.uid.cpp
   Creating library \EPOC32\BUILD\S60\NEWAPPINST\GROUP\SWINSTSRV\WINS\UDEB\SWINSTSRV.lib and object \EPOC32\BUILD\S60\NEWAPPINST\GROUP\SWINSTSRV\WINS\UDEB\SWINSTSRV.exp
Microsoft (R) COFF Binary File Dumper Version 6.00.8447
Copyright (C) Microsoft Corp 1992-1998. All rights reserved.

   Creating library \EPOC32\BUILD\S60\NEWAPPINST\GROUP\SWINSTSRV\WINS\UDEB\SWINSTSRV.lib and object \EPOC32\BUILD\S60\NEWAPPINST\GROUP\SWINSTSRV\WINS\UDEB\SWINSTSRV.exp
  make -r  -f "\EPOC32\BUILD\S60\NEWAPPINST\GROUP\WINS.make" FINAL CFG=UDEB VERBOSE=-s
