#
# Copyright (c) 2009 Nokia Corporation and/or its subsidiary(-ies).
# All rights reserved.
# This component and the accompanying materials are made available
# under the terms of "Eclipse Public License v1.0"
# which accompanies this distribution, and is available
# at the URL "http://www.eclipse.org/legal/epl-v10.html".
#
# Initial Contributors:
# Nokia Corporation - initial contribution.
#
# Contributors:
#
# Description: 
#

component	security_switools
source	\sf\mw\appinstall\secureswitools\swianalysistoolkit
binary	\sf\mw\appinstall\secureswitools\swianalysistoolkit\group	all
exports	\sf\mw\appinstall\secureswitools\swianalysistoolkit\group

# Compensate for not building "tools deb"
-binary \epoc32\release\winc\deb\dumpswicertstoretool.exe
-binary \epoc32\release\winc\deb\dumpchainvaliditytool.exe
-binary \epoc32\release\winc\deb\dumpinstallfilestatustool.exe
-binary \epoc32\release\winc\deb\dumpswiregistrytool.exe

notes_source	\component_defs\release.src

ipr T 

