#
# Copyright (c) 2009 Nokia Corporation and/or its subsidiary(-ies).
# All rights reserved.
# This component and the accompanying materials are made available
# under the terms of "Eclipse Public License v1.0"
# which accompanies this distribution, and is available
# at the URL "http://www.eclipse.org/legal/epl-v10.html".
#
# Initial Contributors:
# Nokia Corporation - initial contribution.
#
# Contributors:
#
# Description: 
#

component	security_swi
source	\sf\mw\appinstall\installationservices\swi\bwins
source \sf\mw\appinstall\installationservices\swi\docs
source \sf\mw\appinstall\installationservices\swi\eabi
source \sf\mw\appinstall\installationservices\swi\group
source \sf\mw\appinstall\installationservices\swi\inc
source \sf\mw\appinstall\installationservices\swi\source
source \sf\mw\appinstall\installationservices\swi\test
binary	\sf\mw\appinstall\installationservices\swi\group	all
exports	\sf\mw\appinstall\installationservices\swi\group


notes_source	\component_defs\release.src


ipr E 
ipr T \sf\mw\appinstall\installationservices\swi\test


