#
# Copyright (c) 2009 Nokia Corporation and/or its subsidiary(-ies).
# All rights reserved.
# This component and the accompanying materials are made available
# under the terms of "Eclipse Public License v1.0"
# which accompanies this distribution, and is available
# at the URL "http://www.eclipse.org/legal/epl-v10.html".
#
# Initial Contributors:
# Nokia Corporation - initial contribution.
#
# Contributors:
#
# Description: 
#

component	security_softwareinstallframework
source	\sf\mw\appinstall\installationservices\swinstallationfw
source	\sf\mw\appinstall\installationservices\swinstallationfw\test
source  \sf\mw\appinstall\installationservices\swinstallationfw\examples\refnativeplugin
binary	\sf\mw\appinstall\installationservices\swinstallationfw\group	all
exports	\sf\mw\appinstall\installationservices\swinstallationfw\group
notes_source	\component_defs\release.src

ipr E 
ipr T \sf\mw\appinstall\installationservices\swinstallationfw\test
ipr T \sf\mw\appinstall\installationservices\swinstallationfw\examples\refnativeplugin

